

====== WebDriver manager ======
Could not get version for google-chrome with the command:  powershell "$ErrorActionPreference='silentlycontinue' ; (Get-Item -Path "$env:PROGRAMFILES\Google\Chrome\Application\chrome.exe").VersionInfo.FileVersion ; if (-not $? -or $? -match $error) { (Get-Item -Path "$env:PROGRAMFILES(x86)\Google\Chrome\Application\chrome.exe").VersionInfo.FileVersion } if (-not $? -or $? -match $error) { (Get-Item -Path "$env:LOCALAPPDATA\Google\Chrome\Application\chrome.exe").VersionInfo.FileVersion } if (-not $? -or $? -match $error) { reg query "HKCU\SOFTWARE\Google\Chrome\BLBeacon" /v version } if (-not $? -or $? -match $error) { reg query "HKLM\SOFTWARE\Wow6432Node\Microsoft\Windows\CurrentVersion\Uninstall\Google Chrome" /v version }"
Current google-chrome version is UNKNOWN
Get LATEST chromedriver version for UNKNOWN google-chrome
Trying to download new driver from https://chromedriver.storage.googleapis.com/99.0.4844.51/chromedriver_win32.zip
Driver has been saved in cache [C:\Users\chris\.wdm\drivers\chromedriver\win32\99.0.4844.51]

PULLING INFO FOR: 91251A051 [https://www.mcmaster.com/91251A051/]...
Head Type: Socket
Socket Head Profile: Standard
Drive Style: Hex
System of Measurement: Inch
Thread Direction: Right Hand
Thread Size: 0-80
Screw Size Decimal Equivalent: 0.06"
Thread Type: UNF
Thread Fit: Class 3A
Length: 1/16"
Threading: Fully Threaded
Thread Spacing: Fine
Head: 
Drive Size: 0.050"
Material: Black-Oxide Alloy Steel
Tensile Strength: 170,000 psi
Hardness: Rockwell C37
Specifications Met: ASTM A574
RoHS: RoHS 3 (2015/863/EU) Compliant
REACH: REACH (EC 1907/2006) (07/08/2021, 219 SVHC) Compliant
DFARS: Not Specialty Metals Compliant
Country of Origin: Peoples Republic Of China, Taiwan, or United States
USMCA Qualifying: No
Schedule B: 731815.9000

PULLING INFO FOR: 2525A175 [https://www.mcmaster.com/2525A175/]...
Chamfer Type: Plug
Application: Closed-End Hole Threading, Through-Hole Threading
Pipe Size: 1/2
Thread Type: NPT
Threads Per Inch: 14
Thread Length: 1 21/32"
Overall Length: 3 1/8"
Number of Tapping Ends: 1
Maximum Tapping Depth: 1 21/32"
Drill Bit: 
Thread Direction: Right Hand
Material: Steel, Iron, Stainless Steel, Nickel, Aluminum, Brass, Bronze, Copper, Plastic
Flute Type: Uncoated High-Speed Steel
Number of Flutes: Straight
Pitch Diameter Limit: 4
Shank Type: Not Rated
Individual/Set: Square
RoHS: Individual
REACH: RoHS 3 (2015/863/EU) Compliant
DFARS: REACH (EC 1907/2006) (01/19/2021, 211 SVHC) Compliant
Country of Origin: Specialty Metals COTS-Exempt
USMCA Qualifying: United States
Schedule B: No

PULLING INFO FOR: 91251A055 [https://www.mcmaster.com/91251A055/]...
Head Type: Socket
Socket Head Profile: Standard
Drive Style: Hex
System of Measurement: Inch
Thread Direction: Right Hand
Thread Size: 0-80
Screw Size Decimal Equivalent: 0.06"
Thread Type: UNF
Thread Fit: Class 3A
Length: 1/4"
Threading: Fully Threaded
Thread Spacing: Fine
Head: 
Drive Size: 0.050"
Material: Black-Oxide Alloy Steel
Tensile Strength: 170,000 psi
Hardness: Rockwell C37
Specifications Met: ASTM A574
RoHS: RoHS 3 (2015/863/EU) Compliant
REACH: REACH (EC 1907/2006) (07/08/2021, 219 SVHC) Compliant
DFARS: Specialty Metals Compliant (252.225-7009)
Country of Origin: United States
USMCA Qualifying: No
Schedule B: 731815.9000

PULLING INFO FOR: 52665T9 [https://www.mcmaster.com/52665T9/]...
Form: Liquid Concentrate
Makes Gatorade Amount: 6 gal.
Container: 
Gatorade Type: Gatorade
Cannot Be Sold To: Outside United States
RoHS: RoHS 3 (2015/863/EU) Compliant
REACH: REACH (EC 1907/2006) (07/08/2021, 219 SVHC) Compliant
DFARS: Specialty Metals COTS-Exempt
Country of Origin: United States
USMCA Qualifying: No
Schedule B: 210690.6773
Script complete.


====== WebDriver manager ======
Could not get version for google-chrome with the command:  powershell "$ErrorActionPreference='silentlycontinue' ; (Get-Item -Path "$env:PROGRAMFILES\Google\Chrome\Application\chrome.exe").VersionInfo.FileVersion ; if (-not $? -or $? -match $error) { (Get-Item -Path "$env:PROGRAMFILES(x86)\Google\Chrome\Application\chrome.exe").VersionInfo.FileVersion } if (-not $? -or $? -match $error) { (Get-Item -Path "$env:LOCALAPPDATA\Google\Chrome\Application\chrome.exe").VersionInfo.FileVersion } if (-not $? -or $? -match $error) { reg query "HKCU\SOFTWARE\Google\Chrome\BLBeacon" /v version } if (-not $? -or $? -match $error) { reg query "HKLM\SOFTWARE\Wow6432Node\Microsoft\Windows\CurrentVersion\Uninstall\Google Chrome" /v version }"
Current google-chrome version is UNKNOWN
Get LATEST chromedriver version for UNKNOWN google-chrome
Trying to download new driver from https://chromedriver.storage.googleapis.com/99.0.4844.51/chromedriver_win32.zip
Driver has been saved in cache [C:\Users\chris\.wdm\drivers\chromedriver\win32\99.0.4844.51]

PULLING INFO FOR: 91251A051 [https://www.mcmaster.com/91251A051/]
Head Type: Socket
Socket Head Profile: Standard
Drive Style: Hex
System of Measurement: Inch
Thread Direction: Right Hand
Thread Size: 0-80
Screw Size Decimal Equivalent: 0.06"
Thread Type: UNF
Thread Fit: Class 3A
Length: 1/16"
Threading: Fully Threaded
Thread Spacing: Fine
Head: 
Drive Size: 0.050"
Material: Black-Oxide Alloy Steel
Tensile Strength: 170,000 psi
Hardness: Rockwell C37
Specifications Met: ASTM A574
RoHS: RoHS 3 (2015/863/EU) Compliant
REACH: REACH (EC 1907/2006) (07/08/2021, 219 SVHC) Compliant
DFARS: Not Specialty Metals Compliant
Country of Origin: Peoples Republic Of China, Taiwan, or United States
USMCA Qualifying: No
Schedule B: 731815.9000

PULLING INFO FOR: 2525A175 [https://www.mcmaster.com/2525A175/]
Chamfer Type: Plug
Application: Closed-End Hole Threading, Through-Hole Threading
Pipe Size: 1/2
Thread Type: NPT
Threads Per Inch: 14
Thread Length: 1 21/32"
Overall Length: 3 1/8"
Number of Tapping Ends: 1
Maximum Tapping Depth: 1 21/32"
Drill Bit: 
Thread Direction: Right Hand
Material: Steel, Iron, Stainless Steel, Nickel, Aluminum, Brass, Bronze, Copper, Plastic
Flute Type: Uncoated High-Speed Steel
Number of Flutes: Straight
Pitch Diameter Limit: 4
Shank Type: Not Rated
Individual/Set: Square
RoHS: Individual
REACH: RoHS 3 (2015/863/EU) Compliant
DFARS: REACH (EC 1907/2006) (01/19/2021, 211 SVHC) Compliant
Country of Origin: Specialty Metals COTS-Exempt
USMCA Qualifying: United States
Schedule B: No

PULLING INFO FOR: 91251A055 [https://www.mcmaster.com/91251A055/]
Head Type: Socket
Socket Head Profile: Standard
Drive Style: Hex
System of Measurement: Inch
Thread Direction: Right Hand
Thread Size: 0-80
Screw Size Decimal Equivalent: 0.06"
Thread Type: UNF
Thread Fit: Class 3A
Length: 1/4"
Threading: Fully Threaded
Thread Spacing: Fine
Head: 
Drive Size: 0.050"
Material: Black-Oxide Alloy Steel
Tensile Strength: 170,000 psi
Hardness: Rockwell C37
Specifications Met: ASTM A574
RoHS: RoHS 3 (2015/863/EU) Compliant
REACH: REACH (EC 1907/2006) (07/08/2021, 219 SVHC) Compliant
DFARS: Specialty Metals Compliant (252.225-7009)
Country of Origin: United States
USMCA Qualifying: No
Schedule B: 731815.9000

PULLING INFO FOR: 52665T9 [https://www.mcmaster.com/52665T9/]
Form: Liquid Concentrate
Makes Gatorade Amount: 6 gal.
Container: 
Gatorade Type: Gatorade
Cannot Be Sold To: Outside United States
RoHS: RoHS 3 (2015/863/EU) Compliant
REACH: REACH (EC 1907/2006) (07/08/2021, 219 SVHC) Compliant
DFARS: Specialty Metals COTS-Exempt
Country of Origin: United States
USMCA Qualifying: No
Schedule B: 210690.6773
Script complete.
